2023-01-28T00:06:19.751-03:00  INFO 6352 --- [main] c.e.ec.ExplorecaliApplicationTests       : Starting ExplorecaliApplicationTests using Java 18.0.2.1 with PID 6352 (started by Victor in D:\javaestudos\explorecali)
2023-01-28T00:06:19.755-03:00 DEBUG 6352 --- [main] c.e.ec.ExplorecaliApplicationTests       : Running with Spring Boot v3.0.0, Spring v6.0.2
2023-01-28T00:06:19.757-03:00  INFO 6352 --- [main] c.e.ec.ExplorecaliApplicationTests       : No active profile set, falling back to 1 default profile: "default"
2023-01-28T00:06:20.452-03:00  INFO 6352 --- [main] .s.d.r.c.RepositoryConfigurationDelegate : Bootstrapping Spring Data JPA repositories in DEFAULT mode.
2023-01-28T00:06:20.505-03:00  INFO 6352 --- [main] .s.d.r.c.RepositoryConfigurationDelegate : Finished Spring Data repository scanning in 46 ms. Found 5 JPA repository interfaces.
2023-01-28T00:06:20.970-03:00  INFO 6352 --- [main] com.zaxxer.hikari.HikariDataSource       : HikariPool-1 - Starting...
2023-01-28T00:06:21.119-03:00  INFO 6352 --- [main] com.zaxxer.hikari.pool.HikariPool        : HikariPool-1 - Added connection conn0: url=jdbc:h2:mem:7b01b4f3-c104-4e06-bf47-f4c2eee24c86 user=SA
2023-01-28T00:06:21.120-03:00  INFO 6352 --- [main] com.zaxxer.hikari.HikariDataSource       : HikariPool-1 - Start completed.
2023-01-28T00:06:21.266-03:00  INFO 6352 --- [main] o.hibernate.jpa.internal.util.LogHelper  : HHH000204: Processing PersistenceUnitInfo [name: default]
2023-01-28T00:06:21.314-03:00  INFO 6352 --- [main] org.hibernate.Version                    : HHH000412: Hibernate ORM core version 6.1.5.Final
2023-01-28T00:06:21.349-03:00  WARN 6352 --- [main] org.hibernate.orm.deprecation            : HHH90000021: Encountered deprecated setting [javax.persistence.sharedCache.mode], use [jakarta.persistence.sharedCache.mode] instead
2023-01-28T00:06:21.452-03:00  INFO 6352 --- [main] SQL dialect                              : HHH000400: Using dialect: org.hibernate.dialect.H2Dialect
2023-01-28T00:06:22.052-03:00  INFO 6352 --- [main] o.h.e.t.j.p.i.JtaPlatformInitiator       : HHH000490: Using JtaPlatform implementation: [org.hibernate.engine.transaction.jta.platform.internal.NoJtaPlatform]
2023-01-28T00:06:22.059-03:00  INFO 6352 --- [main] j.LocalContainerEntityManagerFactoryBean : Initialized JPA EntityManagerFactory for persistence unit 'default'
2023-01-28T00:06:22.655-03:00  WARN 6352 --- [main] JpaBaseConfiguration$JpaWebConfiguration : spring.jpa.open-in-view is enabled by default. Therefore, database queries may be performed during view rendering. Explicitly configure spring.jpa.open-in-view to disable this warning
2023-01-28T00:06:23.540-03:00  INFO 6352 --- [main] o.s.s.web.DefaultSecurityFilterChain     : Will secure any request with [org.springframework.security.web.session.DisableEncodeUrlFilter@1ff65426, org.springframework.security.web.context.request.async.WebAsyncManagerIntegrationFilter@3bdf6d63, org.springframework.security.web.context.SecurityContextHolderFilter@3a034950, org.springframework.security.web.header.HeaderWriterFilter@7c7d83ff, org.springframework.security.web.authentication.logout.LogoutFilter@7510824, org.springframework.security.web.savedrequest.RequestCacheAwareFilter@38f7a20, org.springframework.security.web.servletapi.SecurityContextHolderAwareRequestFilter@2c39c520, org.springframework.security.web.authentication.AnonymousAuthenticationFilter@6d4bb60f, org.springframework.security.web.session.SessionManagementFilter@628d6320, org.springframework.security.web.access.ExceptionTranslationFilter@57fe6f2d, org.springframework.security.web.access.intercept.AuthorizationFilter@eb5471c]
2023-01-28T00:06:24.047-03:00  INFO 6352 --- [main] c.e.ec.ExplorecaliApplicationTests       : Started ExplorecaliApplicationTests in 4.534 seconds (process running for 5.835)
2023-01-28T00:06:24.083-03:00  INFO 6352 --- [main] t.c.s.AnnotationConfigContextLoaderUtils : Could not detect default configuration classes for test class [com.example.ec.repo.UserRepositoryTest]: UserRepositoryTest does not declare any static, non-private, non-final, nested classes annotated with @Configuration.
2023-01-28T00:06:24.092-03:00  INFO 6352 --- [main] .b.t.c.SpringBootTestContextBootstrapper : Found @SpringBootConfiguration com.example.ec.ExplorecaliApplication for test class com.example.ec.repo.UserRepositoryTest
2023-01-28T00:06:24.241-03:00  INFO 6352 --- [main] t.c.s.AnnotationConfigContextLoaderUtils : Could not detect default configuration classes for test class [com.example.ec.service.TourRatingServiceIntegrationTest]: TourRatingServiceIntegrationTest does not declare any static, non-private, non-final, nested classes annotated with @Configuration.
2023-01-28T00:06:24.246-03:00  INFO 6352 --- [main] .b.t.c.SpringBootTestContextBootstrapper : Found @SpringBootConfiguration com.example.ec.ExplorecaliApplication for test class com.example.ec.service.TourRatingServiceIntegrationTest
2023-01-28T00:06:24.257-03:00  INFO 6352 --- [main] c.example.ec.service.TourRatingService   : Get average score of tour 1 by customers {}
2023-01-28T00:06:24.305-03:00  INFO 6352 --- [main] c.example.ec.service.TourRatingService   : Lookup all Ratings
2023-01-28T00:06:24.311-03:00  INFO 6352 --- [main] c.example.ec.service.TourRatingService   : Delete Rating for tour 1 and customer 4
2023-01-28T00:06:24.323-03:00  INFO 6352 --- [main] c.example.ec.service.TourRatingService   : Lookup all Ratings
2023-01-28T00:06:24.341-03:00  INFO 6352 --- [main] c.example.ec.service.TourRatingService   : Create Rating for tour 1 of customers 456
2023-01-28T00:06:24.361-03:00  INFO 6352 --- [main] c.example.ec.service.TourRatingService   : Update all of Rating for tour 1 of customers 456
2023-01-28T00:06:24.369-03:00  INFO 6352 --- [main] c.example.ec.service.TourRatingService   : Create Rating for tour 1 of customers 456
2023-01-28T00:06:24.375-03:00  INFO 6352 --- [main] c.example.ec.service.TourRatingService   : Update all of Rating for tour 1 of customers 456
2023-01-28T00:06:24.381-03:00  INFO 6352 --- [main] c.example.ec.service.TourRatingService   : Lookup all Ratings
2023-01-28T00:06:24.385-03:00  INFO 6352 --- [main] c.example.ec.service.TourRatingService   : Rate tour 1 by customers [100, 101, 102]
2023-01-28T00:06:24.386-03:00 DEBUG 6352 --- [main] c.example.ec.service.TourRatingService   : Attempt to create Tour Rating for customer 100
2023-01-28T00:06:24.388-03:00 DEBUG 6352 --- [main] c.example.ec.service.TourRatingService   : Attempt to create Tour Rating for customer 101
2023-01-28T00:06:24.390-03:00 DEBUG 6352 --- [main] c.example.ec.service.TourRatingService   : Attempt to create Tour Rating for customer 102
2023-01-28T00:06:24.391-03:00  INFO 6352 --- [main] c.example.ec.service.TourRatingService   : Lookup all Ratings
2023-01-28T00:06:24.398-03:00  INFO 6352 --- [main] c.example.ec.service.TourRatingService   : Create Rating for tour 1 of customers 456
2023-01-28T00:06:24.590-03:00  INFO 6352 --- [main] c.example.ec.service.TourRatingService   : Get average score of tour 1 by customers {}
2023-01-28T00:06:24.597-03:00  INFO 6352 --- [main] c.example.ec.service.TourRatingService   : Delete Rating for tour 1 and customer 123
2023-01-28T00:06:24.610-03:00  INFO 6352 --- [main] c.example.ec.service.TourRatingService   : Update all of Rating for tour 1 of customers 123
2023-01-28T00:06:24.613-03:00  INFO 6352 --- [main] c.example.ec.service.TourRatingService   : Update some of Rating for tour 1 of customers 123
2023-01-28T00:06:24.616-03:00  INFO 6352 --- [main] c.example.ec.service.TourRatingService   : Rate tour 1 by customers [123, 124]
2023-01-28T00:06:24.616-03:00 DEBUG 6352 --- [main] c.example.ec.service.TourRatingService   : Attempt to create Tour Rating for customer 123
2023-01-28T00:06:24.616-03:00 DEBUG 6352 --- [main] c.example.ec.service.TourRatingService   : Attempt to create Tour Rating for customer 124
2023-01-28T00:06:24.621-03:00  INFO 6352 --- [main] c.example.ec.service.TourRatingService   : Create Rating for tour 1 of customers 123
2023-01-28T00:06:24.625-03:00  INFO 6352 --- [main] c.example.ec.service.TourRatingService   : Lookup all Ratings
2023-01-28T00:06:24.686-03:00  INFO 6352 --- [main] c.example.ec.service.TourRatingService   : Lookup Rating for tour 1
2023-01-28T00:06:24.853-03:00  INFO 6352 --- [main] t.c.s.AnnotationConfigContextLoaderUtils : Could not detect default configuration classes for test class [com.example.ec.web.RatingControllerTest]: RatingControllerTest does not declare any static, non-private, non-final, nested classes annotated with @Configuration.
2023-01-28T00:06:24.862-03:00  INFO 6352 --- [main] .b.t.c.SpringBootTestContextBootstrapper : Found @SpringBootConfiguration com.example.ec.ExplorecaliApplication for test class com.example.ec.web.RatingControllerTest
2023-01-28T00:06:24.886-03:00  INFO 6352 --- [main] c.example.ec.web.RatingControllerTest    : Starting RatingControllerTest using Java 18.0.2.1 with PID 6352 (started by Victor in D:\javaestudos\explorecali)
2023-01-28T00:06:24.886-03:00 DEBUG 6352 --- [main] c.example.ec.web.RatingControllerTest    : Running with Spring Boot v3.0.0, Spring v6.0.2
2023-01-28T00:06:24.886-03:00  INFO 6352 --- [main] c.example.ec.web.RatingControllerTest    : No active profile set, falling back to 1 default profile: "default"
2023-01-28T00:06:25.065-03:00  INFO 6352 --- [main] .s.d.r.c.RepositoryConfigurationDelegate : Bootstrapping Spring Data JPA repositories in DEFAULT mode.
2023-01-28T00:06:25.076-03:00  INFO 6352 --- [main] .s.d.r.c.RepositoryConfigurationDelegate : Finished Spring Data repository scanning in 11 ms. Found 5 JPA repository interfaces.
2023-01-28T00:06:25.256-03:00  INFO 6352 --- [main] o.s.b.w.embedded.tomcat.TomcatWebServer  : Tomcat initialized with port(s): 0 (http)
2023-01-28T00:06:25.265-03:00  INFO 6352 --- [main] o.apache.catalina.core.StandardService   : Starting service [Tomcat]
2023-01-28T00:06:25.266-03:00  INFO 6352 --- [main] o.apache.catalina.core.StandardEngine    : Starting Servlet engine: [Apache Tomcat/10.1.1]
2023-01-28T00:06:25.327-03:00  INFO 6352 --- [main] o.a.c.c.C.[Tomcat].[localhost].[/]       : Initializing Spring embedded WebApplicationContext
2023-01-28T00:06:25.327-03:00  INFO 6352 --- [main] w.s.c.ServletWebServerApplicationContext : Root WebApplicationContext: initialization completed in 439 ms
2023-01-28T00:06:25.399-03:00  INFO 6352 --- [main] com.zaxxer.hikari.HikariDataSource       : HikariPool-2 - Starting...
2023-01-28T00:06:25.405-03:00  INFO 6352 --- [main] com.zaxxer.hikari.pool.HikariPool        : HikariPool-2 - Added connection conn10: url=jdbc:h2:mem:01417ecf-f078-47f3-8866-fa403192fb9e user=SA
2023-01-28T00:06:25.406-03:00  INFO 6352 --- [main] com.zaxxer.hikari.HikariDataSource       : HikariPool-2 - Start completed.
2023-01-28T00:06:25.439-03:00  INFO 6352 --- [main] o.hibernate.jpa.internal.util.LogHelper  : HHH000204: Processing PersistenceUnitInfo [name: default]
2023-01-28T00:06:25.441-03:00  WARN 6352 --- [main] org.hibernate.orm.deprecation            : HHH90000021: Encountered deprecated setting [javax.persistence.sharedCache.mode], use [jakarta.persistence.sharedCache.mode] instead
2023-01-28T00:06:25.444-03:00  INFO 6352 --- [main] SQL dialect                              : HHH000400: Using dialect: org.hibernate.dialect.H2Dialect
2023-01-28T00:06:25.497-03:00  INFO 6352 --- [main] o.h.e.t.j.p.i.JtaPlatformInitiator       : HHH000490: Using JtaPlatform implementation: [org.hibernate.engine.transaction.jta.platform.internal.NoJtaPlatform]
2023-01-28T00:06:25.497-03:00  INFO 6352 --- [main] j.LocalContainerEntityManagerFactoryBean : Initialized JPA EntityManagerFactory for persistence unit 'default'
2023-01-28T00:06:25.652-03:00  WARN 6352 --- [main] JpaBaseConfiguration$JpaWebConfiguration : spring.jpa.open-in-view is enabled by default. Therefore, database queries may be performed during view rendering. Explicitly configure spring.jpa.open-in-view to disable this warning
2023-01-28T00:06:26.581-03:00  INFO 6352 --- [main] o.s.s.web.DefaultSecurityFilterChain     : Will secure any request with [org.springframework.security.web.session.DisableEncodeUrlFilter@29d534ce, org.springframework.security.web.context.request.async.WebAsyncManagerIntegrationFilter@1a3761a, org.springframework.security.web.context.SecurityContextHolderFilter@2ba3b4a6, org.springframework.security.web.header.HeaderWriterFilter@6d553763, org.springframework.security.web.authentication.logout.LogoutFilter@21d131e7, org.springframework.security.web.savedrequest.RequestCacheAwareFilter@44473749, org.springframework.security.web.servletapi.SecurityContextHolderAwareRequestFilter@edfe8d, org.springframework.security.web.authentication.AnonymousAuthenticationFilter@509cf73a, org.springframework.security.web.session.SessionManagementFilter@5278bc6d, org.springframework.security.web.access.ExceptionTranslationFilter@7263ad06, org.springframework.security.web.access.intercept.AuthorizationFilter@3327337a]
2023-01-28T00:06:27.112-03:00  INFO 6352 --- [main] o.s.b.w.embedded.tomcat.TomcatWebServer  : Tomcat started on port(s): 55582 (http) with context path ''
2023-01-28T00:06:27.116-03:00  INFO 6352 --- [main] c.example.ec.web.RatingControllerTest    : Started RatingControllerTest in 2.25 seconds (process running for 8.903)
2023-01-28T00:06:27.248-03:00  INFO 6352 --- [http-nio-auto-1-exec-1] o.a.c.c.C.[Tomcat].[localhost].[/]       : Initializing Spring DispatcherServlet 'dispatcherServlet'
2023-01-28T00:06:27.248-03:00  INFO 6352 --- [http-nio-auto-1-exec-1] o.s.web.servlet.DispatcherServlet        : Initializing Servlet 'dispatcherServlet'
2023-01-28T00:06:27.249-03:00  INFO 6352 --- [http-nio-auto-1-exec-1] o.s.web.servlet.DispatcherServlet        : Completed initialization in 1 ms
2023-01-28T00:06:27.278-03:00  INFO 6352 --- [http-nio-auto-1-exec-1] com.example.ec.web.RatingController      : GET /ratings/{id}
2023-01-28T00:06:27.340-03:00  INFO 6352 --- [http-nio-auto-1-exec-2] com.example.ec.web.RatingController      : GET /ratings
2023-01-28T00:06:27.349-03:00  INFO 6352 --- [main] t.c.s.AnnotationConfigContextLoaderUtils : Could not detect default configuration classes for test class [com.example.ec.web.TourRatingControllerTest]: TourRatingControllerTest does not declare any static, non-private, non-final, nested classes annotated with @Configuration.
2023-01-28T00:06:27.350-03:00  INFO 6352 --- [main] .b.t.c.SpringBootTestContextBootstrapper : Found @SpringBootConfiguration com.example.ec.ExplorecaliApplication for test class com.example.ec.web.TourRatingControllerTest
2023-01-28T00:06:27.360-03:00  INFO 6352 --- [http-nio-auto-1-exec-3] c.example.ec.web.TourRatingController    : DELETE /tours/999/ratings/1000
2023-01-28T00:06:27.375-03:00  INFO 6352 --- [http-nio-auto-1-exec-4] c.example.ec.web.TourRatingController    : GET /tours/999/ratings
2023-01-28T00:06:27.429-03:00  INFO 6352 --- [http-nio-auto-1-exec-5] c.example.ec.web.TourRatingController    : PUT /tours/999/ratings
2023-01-28T00:06:27.441-03:00  INFO 6352 --- [http-nio-auto-1-exec-6] c.example.ec.web.TourRatingController    : POST /tours/999/ratings
2023-01-28T00:06:27.449-03:00  INFO 6352 --- [http-nio-auto-1-exec-7] c.example.ec.web.TourRatingController    : GET /tours/999/ratings/average
2023-01-28T00:06:27.460-03:00  INFO 6352 --- [http-nio-auto-1-exec-8] c.example.ec.web.TourRatingController    : POST /tours/999/ratings/3
2023-01-28T00:06:27.474-03:00  INFO 6352 --- [http-nio-auto-1-exec-9] c.example.ec.web.TourRatingController    : PATCH /tours/999/ratings
2023-01-28T00:06:27.567-03:00  INFO 6352 --- [SpringApplicationShutdownHook] j.LocalContainerEntityManagerFactoryBean : Closing JPA EntityManagerFactory for persistence unit 'default'
2023-01-28T00:06:27.569-03:00  INFO 6352 --- [SpringApplicationShutdownHook] com.zaxxer.hikari.HikariDataSource       : HikariPool-1 - Shutdown initiated...
2023-01-28T00:06:27.603-03:00  INFO 6352 --- [SpringApplicationShutdownHook] com.zaxxer.hikari.HikariDataSource       : HikariPool-1 - Shutdown completed.
2023-01-28T00:06:27.617-03:00  INFO 6352 --- [SpringApplicationShutdownHook] j.LocalContainerEntityManagerFactoryBean : Closing JPA EntityManagerFactory for persistence unit 'default'
2023-01-28T00:06:27.618-03:00  INFO 6352 --- [SpringApplicationShutdownHook] com.zaxxer.hikari.HikariDataSource       : HikariPool-2 - Shutdown initiated...
2023-01-28T00:06:27.647-03:00  INFO 6352 --- [SpringApplicationShutdownHook] com.zaxxer.hikari.HikariDataSource       : HikariPool-2 - Shutdown completed.
2023-01-28T00:06:43.363-03:00  INFO 24380 --- [main] com.example.ec.ExplorecaliApplication    : Starting ExplorecaliApplication v0.0.1-SNAPSHOT using Java 18.0.2.1 with PID 24380 (D:\javaestudos\explorecali\target\explorecali-0.0.1-SNAPSHOT.jar started by Victor in D:\javaestudos\explorecali)
2023-01-28T00:06:43.365-03:00 DEBUG 24380 --- [main] com.example.ec.ExplorecaliApplication    : Running with Spring Boot v3.0.0, Spring v6.0.2
2023-01-28T00:06:43.367-03:00  INFO 24380 --- [main] com.example.ec.ExplorecaliApplication    : No active profile set, falling back to 1 default profile: "default"
2023-01-28T00:06:44.202-03:00  INFO 24380 --- [main] .s.d.r.c.RepositoryConfigurationDelegate : Bootstrapping Spring Data JPA repositories in DEFAULT mode.
2023-01-28T00:06:44.253-03:00  INFO 24380 --- [main] .s.d.r.c.RepositoryConfigurationDelegate : Finished Spring Data repository scanning in 45 ms. Found 5 JPA repository interfaces.
2023-01-28T00:06:44.928-03:00  INFO 24380 --- [main] o.s.b.w.embedded.tomcat.TomcatWebServer  : Tomcat initialized with port(s): 8080 (http)
2023-01-28T00:06:44.939-03:00  INFO 24380 --- [main] o.apache.catalina.core.StandardService   : Starting service [Tomcat]
2023-01-28T00:06:44.940-03:00  INFO 24380 --- [main] o.apache.catalina.core.StandardEngine    : Starting Servlet engine: [Apache Tomcat/10.1.1]
2023-01-28T00:06:45.006-03:00  INFO 24380 --- [main] o.a.c.c.C.[Tomcat].[localhost].[/]       : Initializing Spring embedded WebApplicationContext
2023-01-28T00:06:45.006-03:00  INFO 24380 --- [main] w.s.c.ServletWebServerApplicationContext : Root WebApplicationContext: initialization completed in 1584 ms
2023-01-28T00:06:45.107-03:00  INFO 24380 --- [main] com.zaxxer.hikari.HikariDataSource       : HikariPool-1 - Starting...
2023-01-28T00:06:45.303-03:00  INFO 24380 --- [main] com.zaxxer.hikari.pool.HikariPool        : HikariPool-1 - Added connection conn0: url=jdbc:h2:mem:2e8e77ec-5cfd-4299-bac2-f9ce475661db user=SA
2023-01-28T00:06:45.306-03:00  INFO 24380 --- [main] com.zaxxer.hikari.HikariDataSource       : HikariPool-1 - Start completed.
2023-01-28T00:06:45.458-03:00  INFO 24380 --- [main] o.hibernate.jpa.internal.util.LogHelper  : HHH000204: Processing PersistenceUnitInfo [name: default]
2023-01-28T00:06:45.508-03:00  INFO 24380 --- [main] org.hibernate.Version                    : HHH000412: Hibernate ORM core version 6.1.5.Final
2023-01-28T00:06:45.651-03:00  WARN 24380 --- [main] org.hibernate.orm.deprecation            : HHH90000021: Encountered deprecated setting [javax.persistence.sharedCache.mode], use [jakarta.persistence.sharedCache.mode] instead
2023-01-28T00:06:45.756-03:00  INFO 24380 --- [main] SQL dialect                              : HHH000400: Using dialect: org.hibernate.dialect.H2Dialect
2023-01-28T00:06:46.430-03:00  INFO 24380 --- [main] o.h.e.t.j.p.i.JtaPlatformInitiator       : HHH000490: Using JtaPlatform implementation: [org.hibernate.engine.transaction.jta.platform.internal.NoJtaPlatform]
2023-01-28T00:06:46.437-03:00  INFO 24380 --- [main] j.LocalContainerEntityManagerFactoryBean : Initialized JPA EntityManagerFactory for persistence unit 'default'
2023-01-28T00:06:47.020-03:00  WARN 24380 --- [main] JpaBaseConfiguration$JpaWebConfiguration : spring.jpa.open-in-view is enabled by default. Therefore, database queries may be performed during view rendering. Explicitly configure spring.jpa.open-in-view to disable this warning
2023-01-28T00:06:47.802-03:00  INFO 24380 --- [main] o.s.s.web.DefaultSecurityFilterChain     : Will secure any request with [org.springframework.security.web.session.DisableEncodeUrlFilter@68ab6ab0, org.springframework.security.web.context.request.async.WebAsyncManagerIntegrationFilter@61ffd148, org.springframework.security.web.context.SecurityContextHolderFilter@6f347d7, org.springframework.security.web.header.HeaderWriterFilter@61bb1e4d, org.springframework.security.web.authentication.logout.LogoutFilter@7741771e, org.springframework.security.web.savedrequest.RequestCacheAwareFilter@5c134052, org.springframework.security.web.servletapi.SecurityContextHolderAwareRequestFilter@69de5bed, org.springframework.security.web.authentication.AnonymousAuthenticationFilter@58324c9f, org.springframework.security.web.session.SessionManagementFilter@5ff00507, org.springframework.security.web.access.ExceptionTranslationFilter@738d37fc, org.springframework.security.web.access.intercept.AuthorizationFilter@2785db06]
2023-01-28T00:06:48.164-03:00  INFO 24380 --- [main] o.s.b.w.embedded.tomcat.TomcatWebServer  : Tomcat started on port(s): 8080 (http) with context path ''
2023-01-28T00:06:48.180-03:00  INFO 24380 --- [main] com.example.ec.ExplorecaliApplication    : Started ExplorecaliApplication in 5.126 seconds (process running for 5.725)
2023-01-28T00:06:53.612-03:00  INFO 24380 --- [http-nio-8080-exec-2] o.a.c.c.C.[Tomcat].[localhost].[/]       : Initializing Spring DispatcherServlet 'dispatcherServlet'
2023-01-28T00:06:53.612-03:00  INFO 24380 --- [http-nio-8080-exec-2] o.s.web.servlet.DispatcherServlet        : Initializing Servlet 'dispatcherServlet'
2023-01-28T00:06:53.615-03:00  INFO 24380 --- [http-nio-8080-exec-2] o.s.web.servlet.DispatcherServlet        : Completed initialization in 1 ms
2023-01-28T00:06:53.716-03:00  INFO 24380 --- [http-nio-8080-exec-2] com.example.ec.service.UserService       : Authenticating with username: admin and password: letmein
2023-01-28T00:08:54.366-03:00  INFO 24380 --- [http-nio-8080-exec-5] com.example.ec.service.UserService       : Authenticating with username: admin and password: letmein
2023-01-28T00:12:45.202-03:00  INFO 24380 --- [http-nio-8080-exec-8] com.example.ec.service.UserService       : Authenticating with username: admin2 and password: letmein
2023-01-28T00:14:07.361-03:00  INFO 24380 --- [http-nio-8080-exec-1] com.example.ec.service.UserService       : Authenticating with username: admin and password: letmein
2023-01-28T00:14:25.044-03:00  INFO 24380 --- [http-nio-8080-exec-2] com.example.ec.service.UserService       : Authenticating with username: admin and password: letmein2
2023-01-28T00:14:29.006-03:00  INFO 24380 --- [http-nio-8080-exec-3] com.example.ec.service.UserService       : Authenticating with username: admin and password: letmein
